System Definition: Done
============================
TGV Flow
Re    =1600
Ma    =0.0866025
rho   =1
miu   =0.00127324
tau   =0.00381972
Time  =100
inter =10
nx    =256
ny    =256
nz    =256
============================
Me:0 MyNeibors: 15 7 
Rank 0 has 1048576 points
Warm-Up
Warm-Up, Time-Step: 1
Warm-Up, Time-Step: 2
Warm-Up, Time-Step: 3
Warm-Up, Time-Step: 4
Warm-Up, Time-Step: 5
Warm-Up, Time-Step: 6
Warm-Up, Time-Step: 7
Warm-Up, Time-Step: 8
Warm-Up, Time-Step: 9
Warm-Up, Time-Step: 10
Warm-Up, Time-Step: 11
Warm-Up, Time-Step: 12
Warm-Up, Time-Step: 13
Warm-Up, Time-Step: 14
Warm-Up, Time-Step: 15
Warm-Up, Time-Step: 16
Warm-Up, Time-Step: 17
Warm-Up, Time-Step: 18
Warm-Up, Time-Step: 19
Warm-Up, Time-Step: 20
Reset and Run Main-Loop 
Main-Loop, time-step = 1
Main-Loop, time-step = 2
Main-Loop, time-step = 3
Main-Loop, time-step = 4
Main-Loop, time-step = 5
Main-Loop, time-step = 6
Main-Loop, time-step = 7
Main-Loop, time-step = 8
Main-Loop, time-step = 9
Main-Loop, time-step = 10
Main-Loop, time-step = 11
Main-Loop, time-step = 12
Main-Loop, time-step = 13
Main-Loop, time-step = 14
Main-Loop, time-step = 15
Main-Loop, time-step = 16
Main-Loop, time-step = 17
Main-Loop, time-step = 18
Main-Loop, time-step = 19
Main-Loop, time-step = 20
Main-Loop, time-step = 21
Main-Loop, time-step = 22
Main-Loop, time-step = 23
Main-Loop, time-step = 24
Main-Loop, time-step = 25
Main-Loop, time-step = 26
Main-Loop, time-step = 27
Main-Loop, time-step = 28
Main-Loop, time-step = 29
Main-Loop, time-step = 30
Main-Loop, time-step = 31
Main-Loop, time-step = 32
Main-Loop, time-step = 33
Main-Loop, time-step = 34
Main-Loop, time-step = 35
Main-Loop, time-step = 36
Main-Loop, time-step = 37
Main-Loop, time-step = 38
Main-Loop, time-step = 39
Main-Loop, time-step = 40
Main-Loop, time-step = 41
Main-Loop, time-step = 42
Main-Loop, time-step = 43
Main-Loop, time-step = 44
Main-Loop, time-step = 45
Main-Loop, time-step = 46
Main-Loop, time-step = 47
Main-Loop, time-step = 48
Main-Loop, time-step = 49
Main-Loop, time-step = 50
Main-Loop, time-step = 51
Main-Loop, time-step = 52
Main-Loop, time-step = 53
Main-Loop, time-step = 54
Main-Loop, time-step = 55
Main-Loop, time-step = 56
Main-Loop, time-step = 57
Main-Loop, time-step = 58
Main-Loop, time-step = 59
Main-Loop, time-step = 60
Main-Loop, time-step = 61
Main-Loop, time-step = 62
Main-Loop, time-step = 63
Main-Loop, time-step = 64
Main-Loop, time-step = 65
Main-Loop, time-step = 66
Main-Loop, time-step = 67
Main-Loop, time-step = 68
Main-Loop, time-step = 69
Main-Loop, time-step = 70
Main-Loop, time-step = 71
Main-Loop, time-step = 72
Main-Loop, time-step = 73
Main-Loop, time-step = 74
Main-Loop, time-step = 75
Main-Loop, time-step = 76
Main-Loop, time-step = 77
Main-Loop, time-step = 78
Main-Loop, time-step = 79
Main-Loop, time-step = 80
Main-Loop, time-step = 81
Main-Loop, time-step = 82
Main-Loop, time-step = 83
Main-Loop, time-step = 84
Main-Loop, time-step = 85
Main-Loop, time-step = 86
Main-Loop, time-step = 87
Main-Loop, time-step = 88
Main-Loop, time-step = 89
Main-Loop, time-step = 90
Main-Loop, time-step = 91
Main-Loop, time-step = 92
Main-Loop, time-step = 93
Main-Loop, time-step = 94
Main-Loop, time-step = 95
Main-Loop, time-step = 96
Main-Loop, time-step = 97
Main-Loop, time-step = 98
Main-Loop, time-step = 99
Main-Loop, time-step = 100
Me:2 MyNeibors: 13 5 
Rank 2 has 1048576 points
Me:3 MyNeibors: 12 4 
Rank 3 has 1048576 points
Me:1 MyNeibors: 14 6 
Rank 1 has 1048576 points
Me:13 MyNeibors: 10 2 
Rank 13 has 1048576 points
Me:14 MyNeibors: 9 1 
Rank 14 has 1048576 points
Me:15 MyNeibors: 8 0 
Rank 15 has 1048576 points
Avg time spent in Collision:  11.763449
Avg time spent in Exchange:  0.865401
Avg time spent in Stream:  17.483602
Avg time spent in Update:  22.198162
Avg. Total Solver Time:  52.311161
Avg. Time per time-step:  0.523112
Me:12 MyNeibors: 11 3 
Rank 12 has 1048576 points
Me:10 MyNeibors: 5 13 
Rank 10 has 1048576 points
Me:11 MyNeibors: 4 12 
Rank 11 has 1048576 points
Me:8 MyNeibors: 7 15 
Rank 8 has 1048576 points
Me:5 MyNeibors: 2 10 
Rank 5 has 1048576 points
Me:4 MyNeibors: 3 11 
Rank 4 has 1048576 points
Me:9 MyNeibors: 6 14 
Rank 9 has 1048576 points
Me:7 MyNeibors: 0 8 
Rank 7 has 1048576 points
Me:6 MyNeibors: 1 9 
Rank 6 has 1048576 points
