System Definition: Done
============================
TGV Flow
Re    =1600
Ma    =0.0866025
rho   =1
miu   =0.00127324
tau   =0.00381972
Time  =100
inter =10
nx    =256
ny    =256
nz    =256
============================
Me:0 MyNeibors: 55 29 
Rank 0 has 262144 points
Warm-Up
Warm-Up, Time-Step: 1
Warm-Up, Time-Step: 2
Warm-Up, Time-Step: 3
Warm-Up, Time-Step: 4
Warm-Up, Time-Step: 5
Warm-Up, Time-Step: 6
Warm-Up, Time-Step: 7
Warm-Up, Time-Step: 8
Warm-Up, Time-Step: 9
Warm-Up, Time-Step: 10
Warm-Up, Time-Step: 11
Warm-Up, Time-Step: 12
Warm-Up, Time-Step: 13
Warm-Up, Time-Step: 14
Warm-Up, Time-Step: 15
Warm-Up, Time-Step: 16
Warm-Up, Time-Step: 17
Warm-Up, Time-Step: 18
Warm-Up, Time-Step: 19
Warm-Up, Time-Step: 20
Reset and Run Main-Loop 
Main-Loop, time-step = 1
Main-Loop, time-step = 2
Main-Loop, time-step = 3
Main-Loop, time-step = 4
Main-Loop, time-step = 5
Main-Loop, time-step = 6
Main-Loop, time-step = 7
Main-Loop, time-step = 8
Main-Loop, time-step = 9
Main-Loop, time-step = 10
Main-Loop, time-step = 11
Main-Loop, time-step = 12
Main-Loop, time-step = 13
Main-Loop, time-step = 14
Main-Loop, time-step = 15
Main-Loop, time-step = 16
Main-Loop, time-step = 17
Main-Loop, time-step = 18
Main-Loop, time-step = 19
Main-Loop, time-step = 20
Main-Loop, time-step = 21
Main-Loop, time-step = 22
Main-Loop, time-step = 23
Main-Loop, time-step = 24
Main-Loop, time-step = 25
Main-Loop, time-step = 26
Main-Loop, time-step = 27
Main-Loop, time-step = 28
Main-Loop, time-step = 29
Main-Loop, time-step = 30
Main-Loop, time-step = 31
Main-Loop, time-step = 32
Main-Loop, time-step = 33
Main-Loop, time-step = 34
Main-Loop, time-step = 35
Main-Loop, time-step = 36
Main-Loop, time-step = 37
Main-Loop, time-step = 38
Main-Loop, time-step = 39
Main-Loop, time-step = 40
Main-Loop, time-step = 41
Main-Loop, time-step = 42
Main-Loop, time-step = 43
Main-Loop, time-step = 44
Main-Loop, time-step = 45
Main-Loop, time-step = 46
Main-Loop, time-step = 47
Main-Loop, time-step = 48
Main-Loop, time-step = 49
Main-Loop, time-step = 50
Main-Loop, time-step = 51
Main-Loop, time-step = 52
Main-Loop, time-step = 53
Main-Loop, time-step = 54
Main-Loop, time-step = 55
Main-Loop, time-step = 56
Main-Loop, time-step = 57
Main-Loop, time-step = 58
Main-Loop, time-step = 59
Main-Loop, time-step = 60
Main-Loop, time-step = 61
Main-Loop, time-step = 62
Main-Loop, time-step = 63
Main-Loop, time-step = 64
Main-Loop, time-step = 65
Main-Loop, time-step = 66
Main-Loop, time-step = 67
Main-Loop, time-step = 68
Main-Loop, time-step = 69
Main-Loop, time-step = 70
Main-Loop, time-step = 71
Main-Loop, time-step = 72
Main-Loop, time-step = 73
Main-Loop, time-step = 74
Main-Loop, time-step = 75
Main-Loop, time-step = 76
Main-Loop, time-step = 77
Main-Loop, time-step = 78
Main-Loop, time-step = 79
Main-Loop, time-step = 80
Main-Loop, time-step = 81
Main-Loop, time-step = 82
Main-Loop, time-step = 83
Main-Loop, time-step = 84
Main-Loop, time-step = 85
Main-Loop, time-step = 86
Main-Loop, time-step = 87
Main-Loop, time-step = 88
Main-Loop, time-step = 89
Main-Loop, time-step = 90
Main-Loop, time-step = 91
Main-Loop, time-step = 92
Main-Loop, time-step = 93
Main-Loop, time-step = 94
Main-Loop, time-step = 95
Main-Loop, time-step = 96
Main-Loop, time-step = 97
Main-Loop, time-step = 98
Main-Loop, time-step = 99
Main-Loop, time-step = 100
Me:15 MyNeibors: 50 24 
Rank 15 has 262144 points
Me:51 MyNeibors: 38 12 
Rank 51 has 262144 points
Me:63 MyNeibors: 34 8 
Rank 63 has 262144 points
Me:3 MyNeibors: 54 28 
Rank 3 has 262144 points
Me:11 MyNeibors: 62 20 
Rank 11 has 262144 points
Me:35 MyNeibors: 22 60 
Rank 35 has 262144 points
Me:55 MyNeibors: 42 0 
Rank 55 has 262144 points
Me:31 MyNeibors: 2 40 
Rank 31 has 262144 points
Me:19 MyNeibors: 6 44 
Rank 19 has 262144 points
Me:7 MyNeibors: 58 16 
Rank 7 has 262144 points
Me:47 MyNeibors: 18 56 
Rank 47 has 262144 points
Me:59 MyNeibors: 46 4 
Rank 59 has 262144 points
Me:27 MyNeibors: 14 36 
Rank 27 has 262144 points
Me:49 MyNeibors: 36 14 
Rank 49 has 262144 points
Me:23 MyNeibors: 10 32 
Rank 23 has 262144 points
Me:39 MyNeibors: 26 48 
Rank 39 has 262144 points
Me:13 MyNeibors: 48 26 
Rank 13 has 262144 points
Me:8 MyNeibors: 63 21 
Rank 8 has 262144 points
Me:61 MyNeibors: 32 10 
Rank 61 has 262144 points
Me:43 MyNeibors: 30 52 
Rank 43 has 262144 points
Me:24 MyNeibors: 15 37 
Rank 24 has 262144 points
Me:20 MyNeibors: 11 33 
Rank 20 has 262144 points
Me:4 MyNeibors: 59 17 
Rank 4 has 262144 points
Me:36 MyNeibors: 27 49 
Rank 36 has 262144 points
Avg time spent in Collision:  2.949274
Avg time spent in Exchange:  0.505993
Avg time spent in Stream:  4.580559
Avg time spent in Update:  5.666896
Avg. Total Solver Time:  13.703089
Avg. Time per time-step:  0.137031
Me:32 MyNeibors: 23 61 
Rank 32 has 262144 points
Me:40 MyNeibors: 31 53 
Rank 40 has 262144 points
Me:16 MyNeibors: 7 45 
Rank 16 has 262144 points
Me:28 MyNeibors: 3 41 
Rank 28 has 262144 points
Me:53 MyNeibors: 40 2 
Rank 53 has 262144 points
Me:14 MyNeibors: 49 27 
Rank 14 has 262144 points
Me:57 MyNeibors: 44 6 
Rank 57 has 262144 points
Me:2 MyNeibors: 53 31 
Rank 2 has 262144 points
Me:45 MyNeibors: 16 58 
Rank 45 has 262144 points
Me:1 MyNeibors: 52 30 
Rank 1 has 262144 points
Me:62 MyNeibors: 33 11 
Rank 62 has 262144 points
Me:50 MyNeibors: 37 15 
Rank 50 has 262144 points
Me:48 MyNeibors: 39 13 
Rank 48 has 262144 points
Me:12 MyNeibors: 51 25 
Rank 12 has 262144 points
Me:60 MyNeibors: 35 9 
Rank 60 has 262144 points
Me:52 MyNeibors: 43 1 
Rank 52 has 262144 points
Me:56 MyNeibors: 47 5 
Rank 56 has 262144 points
Me:44 MyNeibors: 19 57 
Rank 44 has 262144 points
Me:10 MyNeibors: 61 23 
Rank 10 has 262144 points
Me:34 MyNeibors: 21 63 
Rank 34 has 262144 points
Me:54 MyNeibors: 41 3 
Rank 54 has 262144 points
Me:46 MyNeibors: 17 59 
Rank 46 has 262144 points
Me:6 MyNeibors: 57 19 
Rank 6 has 262144 points
Me:29 MyNeibors: 0 42 
Rank 29 has 262144 points
Me:9 MyNeibors: 60 22 
Rank 9 has 262144 points
Me:58 MyNeibors: 45 7 
Rank 58 has 262144 points
Me:17 MyNeibors: 4 46 
Rank 17 has 262144 points
Me:33 MyNeibors: 20 62 
Rank 33 has 262144 points
Me:30 MyNeibors: 1 43 
Rank 30 has 262144 points
Me:18 MyNeibors: 5 47 
Rank 18 has 262144 points
Me:5 MyNeibors: 56 18 
Rank 5 has 262144 points
Me:25 MyNeibors: 12 38 
Rank 25 has 262144 points
Me:26 MyNeibors: 13 39 
Rank 26 has 262144 points
Me:38 MyNeibors: 25 51 
Rank 38 has 262144 points
Me:22 MyNeibors: 9 35 
Rank 22 has 262144 points
Me:21 MyNeibors: 8 34 
Rank 21 has 262144 points
Me:42 MyNeibors: 29 55 
Rank 42 has 262144 points
Me:41 MyNeibors: 28 54 
Rank 41 has 262144 points
Me:37 MyNeibors: 24 50 
Rank 37 has 262144 points
