“RANK= 1 LOCAL_RANK= 1 gpu= 2”
“RANK= 3 LOCAL_RANK= 3 gpu= 0”
“RANK= 0 LOCAL_RANK= 0 gpu= 3”
“RANK= 2 LOCAL_RANK= 2 gpu= 1”
“RANK= 120 LOCAL_RANK= 0 gpu= 3”
“RANK= 122 LOCAL_RANK= 2 gpu= 1”
“RANK= 121 LOCAL_RANK= 1 gpu= 2”
“RANK= 123 LOCAL_RANK= 3 gpu= 0”
“RANK= 8 LOCAL_RANK= 0 gpu= 3”
“RANK= 10 LOCAL_RANK= 2 gpu= 1”
“RANK= 9 LOCAL_RANK= 1 gpu= 2”
“RANK= 11 LOCAL_RANK= 3 gpu= 0”
“RANK= 60 LOCAL_RANK= 0 gpu= 3”
“RANK= 62 LOCAL_RANK= 2 gpu= 1”
“RANK= 61 LOCAL_RANK= 1 gpu= 2”
“RANK= 63 LOCAL_RANK= 3 gpu= 0”
“RANK= 5 LOCAL_RANK= 1 gpu= 2”
“RANK= 28 LOCAL_RANK= 0 gpu= 3”
“RANK= 29 LOCAL_RANK= 1 gpu= 2”
“RANK= 30 LOCAL_RANK= 2 gpu= 1”
“RANK= 6 LOCAL_RANK= 2 gpu= 1”
“RANK= 31 LOCAL_RANK= 3 gpu= 0”
“RANK= 7 LOCAL_RANK= 3 gpu= 0”
“RANK= 52 LOCAL_RANK= 0 gpu= 3”
“RANK= 4 LOCAL_RANK= 0 gpu= 3”
“RANK= 55 LOCAL_RANK= 3 gpu= 0”
“RANK= 53 LOCAL_RANK= 1 gpu= 2”
“RANK= 54 LOCAL_RANK= 2 gpu= 1”
“RANK= 113 LOCAL_RANK= 1 gpu= 2”
“RANK= 114 LOCAL_RANK= 2 gpu= 1”
“RANK= 112 LOCAL_RANK= 0 gpu= 3”
“RANK= 115 LOCAL_RANK= 3 gpu= 0”
“RANK= 57 LOCAL_RANK= 1 gpu= 2”
“RANK= 59 LOCAL_RANK= 3 gpu= 0”
“RANK= 58 LOCAL_RANK= 2 gpu= 1”
“RANK= 56 LOCAL_RANK= 0 gpu= 3”
“RANK= 96 LOCAL_RANK= 0 gpu= 3”
“RANK= 98 LOCAL_RANK= 2 gpu= 1”
“RANK= 126 LOCAL_RANK= 2 gpu= 1”
“RANK= 97 LOCAL_RANK= 1 gpu= 2”
“RANK= 99 LOCAL_RANK= 3 gpu= 0”
“RANK= 68 LOCAL_RANK= 0 gpu= 3”
“RANK= 69 LOCAL_RANK= 1 gpu= 2”
“RANK= 70 LOCAL_RANK= 2 gpu= 1”
“RANK= 71 LOCAL_RANK= 3 gpu= 0”
“RANK= 103 LOCAL_RANK= 3 gpu= 0”
“RANK= 119 LOCAL_RANK= 3 gpu= 0”
“RANK= 127 LOCAL_RANK= 3 gpu= 0”
“RANK= 116 LOCAL_RANK= 0 gpu= 3”
“RANK= 125 LOCAL_RANK= 1 gpu= 2”
“RANK= 12 LOCAL_RANK= 0 gpu= 3”
“RANK= 117 LOCAL_RANK= 1 gpu= 2”
“RANK= 124 LOCAL_RANK= 0 gpu= 3”
“RANK= 14 LOCAL_RANK= 2 gpu= 1”
“RANK= 118 LOCAL_RANK= 2 gpu= 1”
“RANK= 15 LOCAL_RANK= 3 gpu= 0”
“RANK= 100 LOCAL_RANK= 0 gpu= 3”
“RANK= 13 LOCAL_RANK= 1 gpu= 2”
“RANK= 64 LOCAL_RANK= 0 gpu= 3”
“RANK= 101 LOCAL_RANK= 1 gpu= 2”
“RANK= 48 LOCAL_RANK= 0 gpu= 3”
“RANK= 67 LOCAL_RANK= 3 gpu= 0”
“RANK= 102 LOCAL_RANK= 2 gpu= 1”
“RANK= 66 LOCAL_RANK= 2 gpu= 1”
“RANK= 88 LOCAL_RANK= 0 gpu= 3”
“RANK= 90 LOCAL_RANK= 2 gpu= 1”
“RANK= 65 LOCAL_RANK= 1 gpu= 2”
“RANK= 49 LOCAL_RANK= 1 gpu= 2”
“RANK= 89 LOCAL_RANK= 1 gpu= 2”
“RANK= 50 LOCAL_RANK= 2 gpu= 1”
“RANK= 91 LOCAL_RANK= 3 gpu= 0”
“RANK= 51 LOCAL_RANK= 3 gpu= 0”
“RANK= 108 LOCAL_RANK= 0 gpu= 3”
“RANK= 109 LOCAL_RANK= 1 gpu= 2”
“RANK= 110 LOCAL_RANK= 2 gpu= 1”
“RANK= 111 LOCAL_RANK= 3 gpu= 0”
“RANK= 45 LOCAL_RANK= 1 gpu= 2”
“RANK= 47 LOCAL_RANK= 3 gpu= 0”
“RANK= 44 LOCAL_RANK= 0 gpu= 3”
“RANK= 46 LOCAL_RANK= 2 gpu= 1”
“RANK= 80 LOCAL_RANK= 0 gpu= 3”
“RANK= 81 LOCAL_RANK= 1 gpu= 2”
“RANK= 82 LOCAL_RANK= 2 gpu= 1”
“RANK= 83 LOCAL_RANK= 3 gpu= 0”
“RANK= 32 LOCAL_RANK= 0 gpu= 3”
“RANK= 35 LOCAL_RANK= 3 gpu= 0”
“RANK= 33 LOCAL_RANK= 1 gpu= 2”
“RANK= 34 LOCAL_RANK= 2 gpu= 1”
“RANK= 17 LOCAL_RANK= 1 gpu= 2”
“RANK= 36 LOCAL_RANK= 0 gpu= 3”
“RANK= 19 LOCAL_RANK= 3 gpu= 0”
“RANK= 24 LOCAL_RANK= 0 gpu= 3”
“RANK= 16 LOCAL_RANK= 0 gpu= 3”
“RANK= 25 LOCAL_RANK= 1 gpu= 2”
“RANK= 18 LOCAL_RANK= 2 gpu= 1”
“RANK= 26 LOCAL_RANK= 2 gpu= 1”
“RANK= 38 LOCAL_RANK= 2 gpu= 1”
“RANK= 27 LOCAL_RANK= 3 gpu= 0”
“RANK= 39 LOCAL_RANK= 3 gpu= 0”
“RANK= 43 LOCAL_RANK= 3 gpu= 0”
“RANK= 37 LOCAL_RANK= 1 gpu= 2”
“RANK= 40 LOCAL_RANK= 0 gpu= 3”
“RANK= 41 LOCAL_RANK= 1 gpu= 2”
“RANK= 23 LOCAL_RANK= 3 gpu= 0”
“RANK= 42 LOCAL_RANK= 2 gpu= 1”
“RANK= 21 LOCAL_RANK= 1 gpu= 2”
“RANK= 104 LOCAL_RANK= 0 gpu= 3”
“RANK= 20 LOCAL_RANK= 0 gpu= 3”
“RANK= 105 LOCAL_RANK= 1 gpu= 2”
“RANK= 22 LOCAL_RANK= 2 gpu= 1”
“RANK= 106 LOCAL_RANK= 2 gpu= 1”
“RANK= 107 LOCAL_RANK= 3 gpu= 0”
“RANK= 92 LOCAL_RANK= 0 gpu= 3”
“RANK= 94 LOCAL_RANK= 2 gpu= 1”
“RANK= 95 LOCAL_RANK= 3 gpu= 0”
“RANK= 76 LOCAL_RANK= 0 gpu= 3”
“RANK= 93 LOCAL_RANK= 1 gpu= 2”
“RANK= 77 LOCAL_RANK= 1 gpu= 2”
“RANK= 78 LOCAL_RANK= 2 gpu= 1”
“RANK= 79 LOCAL_RANK= 3 gpu= 0”
“RANK= 73 LOCAL_RANK= 1 gpu= 2”
“RANK= 72 LOCAL_RANK= 0 gpu= 3”
“RANK= 74 LOCAL_RANK= 2 gpu= 1”
“RANK= 75 LOCAL_RANK= 3 gpu= 0”
“RANK= 84 LOCAL_RANK= 0 gpu= 3”
“RANK= 85 LOCAL_RANK= 1 gpu= 2”
“RANK= 86 LOCAL_RANK= 2 gpu= 1”
“RANK= 87 LOCAL_RANK= 3 gpu= 0”
System Definition: Done
============================
3D Cylinder Flow
Re    =1600
Ma    =0.0866025
rho   =1
miu   =0.00509296
tau   =0.0152789
Time  =100
inter =10
nx    =1024
ny    =1024
nz    =1024
============================
Me:5 MyNeibors: 108 62 
Rank 5 has 8388608 points
Currently used CUDA device: 0
Me:12 MyNeibors: 115 37 
Rank 12 has 8388608 points
Currently used CUDA device: 0
Me:26 MyNeibors: 97 51 
Rank 26 has 8388608 points
Currently used CUDA device: 0
Me:57 MyNeibors: 0 82 
Rank 57 has 8388608 points
Currently used CUDA device: 0
Me:11 MyNeibors: 114 36 
Rank 11 has 8388608 points
Currently used CUDA device: 0
Me:23 MyNeibors: 126 40 
Rank 23 has 8388608 points
Currently used CUDA device: 0
Me:47 MyNeibors: 22 64 
Rank 47 has 8388608 points
Currently used CUDA device: 0
Me:10 MyNeibors: 113 35 
Rank 10 has 8388608 points
Currently used CUDA device: 0
Me:114 MyNeibors: 89 11 
Rank 114 has 8388608 points
Currently used CUDA device: 0
Me:22 MyNeibors: 125 47 
Rank 22 has 8388608 points
Currently used CUDA device: 0
Me:46 MyNeibors: 21 71 
Rank 46 has 8388608 points
Currently used CUDA device: 0
Me:58 MyNeibors: 1 83 
Rank 58 has 8388608 points
Currently used CUDA device: 0
Me:59 MyNeibors: 2 84 
Rank 59 has 8388608 points
Currently used CUDA device: 0
Me:42 MyNeibors: 17 67 
Rank 42 has 8388608 points
Currently used CUDA device: 0
Me:6 MyNeibors: 109 63 
Rank 6 has 8388608 points
Currently used CUDA device: 0
Me:126 MyNeibors: 69 23 
Rank 126 has 8388608 points
Currently used CUDA device: 0
Me:125 MyNeibors: 68 22 
Rank 125 has 8388608 points
Currently used CUDA device: 0
Me:38 MyNeibors: 13 95 
Rank 38 has 8388608 points
Currently used CUDA device: 0
Me:115 MyNeibors: 90 12 
Rank 115 has 8388608 points
Currently used CUDA device: 0
Me:9 MyNeibors: 112 34 
Rank 9 has 8388608 points
Currently used CUDA device: 0
Me:49 MyNeibors: 24 74 
Rank 49 has 8388608 points
Currently used CUDA device: 0
Me:123 MyNeibors: 66 20 
Rank 123 has 8388608 points
Currently used CUDA device: 0
Me:66 MyNeibors: 41 123 
Rank 66 has 8388608 points
Currently used CUDA device: 0
Me:67 MyNeibors: 42 124 
Rank 67 has 8388608 points
Currently used CUDA device: 0
Me:127 MyNeibors: 70 16 
Rank 127 has 8388608 points
Currently used CUDA device: 0
Me:75 MyNeibors: 50 100 
Rank 75 has 8388608 points
Currently used CUDA device: 0
Me:86 MyNeibors: 61 111 
Rank 86 has 8388608 points
Currently used CUDA device: 0
Me:25 MyNeibors: 96 50 
Rank 25 has 8388608 points
Currently used CUDA device: 0
Me:113 MyNeibors: 88 10 
Rank 113 has 8388608 points
Currently used CUDA device: 0
Me:30 MyNeibors: 101 55 
Rank 30 has 8388608 points
Currently used CUDA device: 0
Me:45 MyNeibors: 20 70 
Rank 45 has 8388608 points
Currently used CUDA device: 0
Me:7 MyNeibors: 110 56 
Rank 7 has 8388608 points
Currently used CUDA device: 0
Me:87 MyNeibors: 62 104 
Rank 87 has 8388608 points
Currently used CUDA device: 0
Me:65 MyNeibors: 40 122 
Rank 65 has 8388608 points
Currently used CUDA device: 0
Me:53 MyNeibors: 28 78 
Rank 53 has 8388608 points
Currently used CUDA device: 0
Me:27 MyNeibors: 98 52 
Rank 27 has 8388608 points
Currently used CUDA device: 0
Me:19 MyNeibors: 122 44 
Rank 19 has 8388608 points
Currently used CUDA device: 0
Me:41 MyNeibors: 16 66 
Rank 41 has 8388608 points
Currently used CUDA device: 0
Me:17 MyNeibors: 120 42 
Rank 17 has 8388608 points
Currently used CUDA device: 0
Me:104 MyNeibors: 87 1 
Rank 104 has 8388608 points
Currently used CUDA device: 0
Me:54 MyNeibors: 29 79 
Rank 54 has 8388608 points
Currently used CUDA device: 0
Me:14 MyNeibors: 117 39 
Rank 14 has 8388608 points
Currently used CUDA device: 0
Me:82 MyNeibors: 57 107 
Rank 82 has 8388608 points
Currently used CUDA device: 0
Me:29 MyNeibors: 100 54 
Rank 29 has 8388608 points
Currently used CUDA device: 0
Me:56 MyNeibors: 7 81 
Rank 56 has 8388608 points
Currently used CUDA device: 0
Me:106 MyNeibors: 81 3 
Rank 106 has 8388608 points
Currently used CUDA device: 0
Me:31 MyNeibors: 102 48 
Rank 31 has 8388608 points
Currently used CUDA device: 0
Me:62 MyNeibors: 5 87 
Rank 62 has 8388608 points
Currently used CUDA device: 0
Me:68 MyNeibors: 43 125 
Rank 68 has 8388608 points
Currently used CUDA device: 0
Me:43 MyNeibors: 18 68 
Rank 43 has 8388608 points
Currently used CUDA device: 0
Me:4 MyNeibors: 107 61 
Rank 4 has 8388608 points
Currently used CUDA device: 0
Me:15 MyNeibors: 118 32 
Rank 15 has 8388608 points
Currently used CUDA device: 0
Me:13 MyNeibors: 116 38 
Rank 13 has 8388608 points
Currently used CUDA device: 0
Me:91 MyNeibors: 34 116 
Rank 91 has 8388608 points
Currently used CUDA device: 0
Me:61 MyNeibors: 4 86 
Rank 61 has 8388608 points
Currently used CUDA device: 0
Me:39 MyNeibors: 14 88 
Rank 39 has 8388608 points
Currently used CUDA device: 0
Me:37 MyNeibors: 12 94 
Rank 37 has 8388608 points
Currently used CUDA device: 0
Me:84 MyNeibors: 59 109 
Rank 84 has 8388608 points
Currently used CUDA device: 0
Me:63 MyNeibors: 6 80 
Rank 63 has 8388608 points
Currently used CUDA device: 0
Me:44 MyNeibors: 19 69 
Rank 44 has 8388608 points
Currently used CUDA device: 0
Me:20 MyNeibors: 123 45 
Rank 20 has 8388608 points
Currently used CUDA device: 0
Me:51 MyNeibors: 26 76 
Rank 51 has 8388608 points
Currently used CUDA device: 0
Me:33 MyNeibors: 8 90 
Rank 33 has 8388608 points
Currently used CUDA device: 0
Me:50 MyNeibors: 25 75 
Rank 50 has 8388608 points
Currently used CUDA device: 0
Me:34 MyNeibors: 9 91 
Rank 34 has 8388608 points
Currently used CUDA device: 0
Me:36 MyNeibors: 11 93 
Rank 36 has 8388608 points
Currently used CUDA device: 0
Me:21 MyNeibors: 124 46 
Rank 21 has 8388608 points
Currently used CUDA device: 0
Me:35 MyNeibors: 10 92 
Rank 35 has 8388608 points
Currently used CUDA device: 0
Me:32 MyNeibors: 15 89 
Rank 32 has 8388608 points
Currently used CUDA device: 0
Me:81 MyNeibors: 56 106 
Rank 81 has 8388608 points
Currently used CUDA device: 0
Me:85 MyNeibors: 60 110 
Rank 85 has 8388608 points
Currently used CUDA device: 0
Me:105 MyNeibors: 80 2 
Rank 105 has 8388608 points
Currently used CUDA device: 0
Me:64 MyNeibors: 47 121 
Rank 64 has 8388608 points
Currently used CUDA device: 0
Me:24 MyNeibors: 103 49 
Rank 24 has 8388608 points
Currently used CUDA device: 0
Me:2 MyNeibors: 105 59 
Rank 2 has 8388608 points
Currently used CUDA device: 0
Me:107 MyNeibors: 82 4 
Rank 107 has 8388608 points
Currently used CUDA device: 0
Me:70 MyNeibors: 45 127 
Rank 70 has 8388608 points
Currently used CUDA device: 0
Me:48 MyNeibors: 31 73 
Rank 48 has 8388608 points
Currently used CUDA device: 0
Me:1 MyNeibors: 104 58 
Rank 1 has 8388608 points
Currently used CUDA device: 0
Me:83 MyNeibors: 58 108 
Rank 83 has 8388608 points
Currently used CUDA device: 0
Me:122 MyNeibors: 65 19 
Rank 122 has 8388608 points
Currently used CUDA device: 0
Me:80 MyNeibors: 63 105 
Rank 80 has 8388608 points
Currently used CUDA device: 0
Me:55 MyNeibors: 30 72 
Rank 55 has 8388608 points
Currently used CUDA device: 0
Me:18 MyNeibors: 121 43 
Rank 18 has 8388608 points
Currently used CUDA device: 0
Me:52 MyNeibors: 27 77 
Rank 52 has 8388608 points
Currently used CUDA device: 0
Me:96 MyNeibors: 79 25 
Rank 96 has 8388608 points
Currently used CUDA device: 0
Me:8 MyNeibors: 119 33 
Rank 8 has 8388608 points
Currently used CUDA device: 0
Me:40 MyNeibors: 23 65 
Rank 40 has 8388608 points
Currently used CUDA device: 0
Me:109 MyNeibors: 84 6 
Rank 109 has 8388608 points
Currently used CUDA device: 0
Me:71 MyNeibors: 46 120 
Rank 71 has 8388608 points
Currently used CUDA device: 0
Me:88 MyNeibors: 39 113 
Rank 88 has 8388608 points
Currently used CUDA device: 0
Me:76 MyNeibors: 51 101 
Rank 76 has 8388608 points
Currently used CUDA device: 0
Me:60 MyNeibors: 3 85 
Rank 60 has 8388608 points
Currently used CUDA device: 0
Me:121 MyNeibors: 64 18 
Rank 121 has 8388608 points
Currently used CUDA device: 0
Me:119 MyNeibors: 94 8 
Rank 119 has 8388608 points
Currently used CUDA device: 0
Me:111 MyNeibors: 86 0 
Rank 111 has 8388608 points
Currently used CUDA device: 0
Me:16 MyNeibors: 127 41 
Rank 16 has 8388608 points
Currently used CUDA device: 0
Me:79 MyNeibors: 54 96 
Rank 79 has 8388608 points
Currently used CUDA device: 0
Me:28 MyNeibors: 99 53 
Rank 28 has 8388608 points
Currently used CUDA device: 0
Me:69 MyNeibors: 44 126 
Rank 69 has 8388608 points
Currently used CUDA device: 0
Me:97 MyNeibors: 72 26 
Rank 97 has 8388608 points
Currently used CUDA device: 0
Me:112 MyNeibors: 95 9 
Rank 112 has 8388608 points
Currently used CUDA device: 0
Me:116 MyNeibors: 91 13 
Rank 116 has 8388608 points
Currently used CUDA device: 0
Me:95 MyNeibors: 38 112 
Rank 95 has 8388608 points
Currently used CUDA device: 0
Me:77 MyNeibors: 52 102 
Rank 77 has 8388608 points
Currently used CUDA device: 0
Me:73 MyNeibors: 48 98 
Rank 73 has 8388608 points
Currently used CUDA device: 0
Me:78 MyNeibors: 53 103 
Rank 78 has 8388608 points
Currently used CUDA device: 0
Me:124 MyNeibors: 67 21 
Rank 124 has 8388608 points
Currently used CUDA device: 0
Me:3 MyNeibors: 106 60 
Rank 3 has 8388608 points
Currently used CUDA device: 0
Me:103 MyNeibors: 78 24 
Rank 103 has 8388608 points
Currently used CUDA device: 0
Me:90 MyNeibors: 33 115 
Rank 90 has 8388608 points
Currently used CUDA device: 0
Me:99 MyNeibors: 74 28 
Rank 99 has 8388608 points
Currently used CUDA device: 0
Me:98 MyNeibors: 73 27 
Rank 98 has 8388608 points
Currently used CUDA device: 0
Me:89 MyNeibors: 32 114 
Rank 89 has 8388608 points
Currently used CUDA device: 0
Me:72 MyNeibors: 55 97 
Rank 72 has 8388608 points
Currently used CUDA device: 0
Me:74 MyNeibors: 49 99 
Rank 74 has 8388608 points
Currently used CUDA device: 0
Me:0 MyNeibors: 111 57 
Rank 0 has 8388608 points
Currently used CUDA device: 0
Warm-Up
Me:118 MyNeibors: 93 15 
Rank 118 has 8388608 points
Currently used CUDA device: 0
Me:117 MyNeibors: 92 14 
Rank 117 has 8388608 points
Currently used CUDA device: 0
Me:108 MyNeibors: 83 5 
Rank 108 has 8388608 points
Currently used CUDA device: 0
Me:110 MyNeibors: 85 7 
Rank 110 has 8388608 points
Currently used CUDA device: 0
Me:93 MyNeibors: 36 118 
Rank 93 has 8388608 points
Currently used CUDA device: 0
Me:92 MyNeibors: 35 117 
Rank 92 has 8388608 points
Currently used CUDA device: 0
Me:94 MyNeibors: 37 119 
Rank 94 has 8388608 points
Currently used CUDA device: 0
Me:102 MyNeibors: 77 31 
Rank 102 has 8388608 points
Currently used CUDA device: 0
Me:101 MyNeibors: 76 30 
Rank 101 has 8388608 points
Currently used CUDA device: 0
Me:100 MyNeibors: 75 29 
Rank 100 has 8388608 points
Currently used CUDA device: 0
Me:120 MyNeibors: 71 17 
Rank 120 has 8388608 points
Currently used CUDA device: 0
Warm-Up, Time-Step: 1
Warm-Up, Time-Step: 2
Warm-Up, Time-Step: 3
Warm-Up, Time-Step: 4
Warm-Up, Time-Step: 5
Warm-Up, Time-Step: 6
Warm-Up, Time-Step: 7
Warm-Up, Time-Step: 8
Warm-Up, Time-Step: 9
Warm-Up, Time-Step: 10
Warm-Up, Time-Step: 11
Warm-Up, Time-Step: 12
Warm-Up, Time-Step: 13
Warm-Up, Time-Step: 14
Warm-Up, Time-Step: 15
Warm-Up, Time-Step: 16
Warm-Up, Time-Step: 17
Warm-Up, Time-Step: 18
Warm-Up, Time-Step: 19
Warm-Up, Time-Step: 20
Reset and Run Main-Loop
Main Loop, time-step = 1
Main Loop, time-step = 2
Main Loop, time-step = 3
Main Loop, time-step = 4
Main Loop, time-step = 5
Main Loop, time-step = 6
Main Loop, time-step = 7
Main Loop, time-step = 8
Main Loop, time-step = 9
Main Loop, time-step = 10
Main Loop, time-step = 11
Main Loop, time-step = 12
Main Loop, time-step = 13
Main Loop, time-step = 14
Main Loop, time-step = 15
Main Loop, time-step = 16
Main Loop, time-step = 17
Main Loop, time-step = 18
Main Loop, time-step = 19
Main Loop, time-step = 20
Main Loop, time-step = 21
Main Loop, time-step = 22
Main Loop, time-step = 23
Main Loop, time-step = 24
Main Loop, time-step = 25
Main Loop, time-step = 26
Main Loop, time-step = 27
Main Loop, time-step = 28
Main Loop, time-step = 29
Main Loop, time-step = 30
Main Loop, time-step = 31
Main Loop, time-step = 32
Main Loop, time-step = 33
Main Loop, time-step = 34
Main Loop, time-step = 35
Main Loop, time-step = 36
Main Loop, time-step = 37
Main Loop, time-step = 38
Main Loop, time-step = 39
Main Loop, time-step = 40
Main Loop, time-step = 41
Main Loop, time-step = 42
Main Loop, time-step = 43
Main Loop, time-step = 44
Main Loop, time-step = 45
Main Loop, time-step = 46
Main Loop, time-step = 47
Main Loop, time-step = 48
Main Loop, time-step = 49
Main Loop, time-step = 50
Main Loop, time-step = 51
Main Loop, time-step = 52
Main Loop, time-step = 53
Main Loop, time-step = 54
Main Loop, time-step = 55
Main Loop, time-step = 56
Main Loop, time-step = 57
Main Loop, time-step = 58
Main Loop, time-step = 59
Main Loop, time-step = 60
Main Loop, time-step = 61
Main Loop, time-step = 62
Main Loop, time-step = 63
Main Loop, time-step = 64
Main Loop, time-step = 65
Main Loop, time-step = 66
Main Loop, time-step = 67
Main Loop, time-step = 68
Main Loop, time-step = 69
Main Loop, time-step = 70
Main Loop, time-step = 71
Main Loop, time-step = 72
Main Loop, time-step = 73
Main Loop, time-step = 74
Main Loop, time-step = 75
Main Loop, time-step = 76
Main Loop, time-step = 77
Main Loop, time-step = 78
Main Loop, time-step = 79
Main Loop, time-step = 80
Main Loop, time-step = 81
Main Loop, time-step = 82
Main Loop, time-step = 83
Main Loop, time-step = 84
Main Loop, time-step = 85
Main Loop, time-step = 86
Main Loop, time-step = 87
Main Loop, time-step = 88
Main Loop, time-step = 89
Main Loop, time-step = 90
Main Loop, time-step = 91
Main Loop, time-step = 92
Main Loop, time-step = 93
Main Loop, time-step = 94
Main Loop, time-step = 95
Main Loop, time-step = 96
Main Loop, time-step = 97
Main Loop, time-step = 98
Main Loop, time-step = 99
Main Loop, time-step = 100
Avg time spent in Collision:  2.339621
Avg time spent in Pack:  1.846659
Avg time spent in Exchange:  2.541768
Avg time spent in Unpack:  5.651576
Avg time spent in Stream:  0.697515
Avg time spent in Update:  1.235562
Avg. Total Solver Time:  14.313093
Avg. Time per time-step:  0.143131
