System Definition: Done
============================
TGV Flow
Re    =1600
Ma    =0.0866025
rho   =1
miu   =0.00254648
tau   =0.00763944
Time  =50
inter =10
nx    =512
ny    =512
nz    =512
============================
Me:0 MyNeibors: 1 1 
Rank 0 has 67108864 points
Warm-Up
Warm-Up, Time-Step: 1
Warm-Up, Time-Step: 2
Warm-Up, Time-Step: 3
Warm-Up, Time-Step: 4
Warm-Up, Time-Step: 5
Reset and Run Main-Loop 
Main-Loop, time-step = 1
Main-Loop, time-step = 2
Main-Loop, time-step = 3
Main-Loop, time-step = 4
Main-Loop, time-step = 5
Main-Loop, time-step = 6
Main-Loop, time-step = 7
Main-Loop, time-step = 8
Main-Loop, time-step = 9
Main-Loop, time-step = 10
Main-Loop, time-step = 11
Main-Loop, time-step = 12
Main-Loop, time-step = 13
Main-Loop, time-step = 14
Main-Loop, time-step = 15
Main-Loop, time-step = 16
Main-Loop, time-step = 17
Main-Loop, time-step = 18
Main-Loop, time-step = 19
Main-Loop, time-step = 20
Main-Loop, time-step = 21
Main-Loop, time-step = 22
Main-Loop, time-step = 23
Main-Loop, time-step = 24
Main-Loop, time-step = 25
Main-Loop, time-step = 26
Main-Loop, time-step = 27
Main-Loop, time-step = 28
Main-Loop, time-step = 29
Main-Loop, time-step = 30
Main-Loop, time-step = 31
Main-Loop, time-step = 32
Main-Loop, time-step = 33
Main-Loop, time-step = 34
Main-Loop, time-step = 35
Main-Loop, time-step = 36
Main-Loop, time-step = 37
Main-Loop, time-step = 38
Main-Loop, time-step = 39
Main-Loop, time-step = 40
Main-Loop, time-step = 41
Main-Loop, time-step = 42
Main-Loop, time-step = 43
Main-Loop, time-step = 44
Main-Loop, time-step = 45
Main-Loop, time-step = 46
Main-Loop, time-step = 47
Main-Loop, time-step = 48
Main-Loop, time-step = 49
Main-Loop, time-step = 50
Avg time spent in Collision:  362.619793
Avg time spent in Exchange:  2.143429
Avg time spent in Stream:  539.502696
Avg time spent in Update:  701.963544
Avg. Total Solver Time:  1606.230086
Avg. Time per time-step:  32.124602
Me:1 MyNeibors: 0 0 
Rank 1 has 67108864 points
