System Definition: Done
============================
TGV Flow
Re    =1600
Ma    =0.0866025
rho   =1
miu   =0.00254648
tau   =0.00763944
Time  =50
inter =10
nx    =512
ny    =512
nz    =512
============================
Me:0 MyNeibors: 31 13 
Rank 0 has 4194304 points
Warm-Up
Warm-Up, Time-Step: 1
Warm-Up, Time-Step: 2
Warm-Up, Time-Step: 3
Warm-Up, Time-Step: 4
Warm-Up, Time-Step: 5
Reset and Run Main-Loop 
Main-Loop, time-step = 1
Main-Loop, time-step = 2
Main-Loop, time-step = 3
Main-Loop, time-step = 4
Main-Loop, time-step = 5
Main-Loop, time-step = 6
Main-Loop, time-step = 7
Main-Loop, time-step = 8
Main-Loop, time-step = 9
Main-Loop, time-step = 10
Main-Loop, time-step = 11
Main-Loop, time-step = 12
Main-Loop, time-step = 13
Main-Loop, time-step = 14
Main-Loop, time-step = 15
Main-Loop, time-step = 16
Main-Loop, time-step = 17
Main-Loop, time-step = 18
Main-Loop, time-step = 19
Main-Loop, time-step = 20
Main-Loop, time-step = 21
Main-Loop, time-step = 22
Main-Loop, time-step = 23
Main-Loop, time-step = 24
Main-Loop, time-step = 25
Main-Loop, time-step = 26
Main-Loop, time-step = 27
Main-Loop, time-step = 28
Main-Loop, time-step = 29
Main-Loop, time-step = 30
Main-Loop, time-step = 31
Main-Loop, time-step = 32
Main-Loop, time-step = 33
Main-Loop, time-step = 34
Main-Loop, time-step = 35
Main-Loop, time-step = 36
Main-Loop, time-step = 37
Main-Loop, time-step = 38
Main-Loop, time-step = 39
Main-Loop, time-step = 40
Main-Loop, time-step = 41
Main-Loop, time-step = 42
Main-Loop, time-step = 43
Main-Loop, time-step = 44
Main-Loop, time-step = 45
Main-Loop, time-step = 46
Main-Loop, time-step = 47
Main-Loop, time-step = 48
Main-Loop, time-step = 49
Main-Loop, time-step = 50
Me:3 MyNeibors: 30 12 
Rank 3 has 4194304 points
Me:7 MyNeibors: 26 8 
Rank 7 has 4194304 points
Me:31 MyNeibors: 18 0 
Rank 31 has 4194304 points
Me:27 MyNeibors: 22 4 
Rank 27 has 4194304 points
Me:24 MyNeibors: 23 5 
Rank 24 has 4194304 points
Me:4 MyNeibors: 27 9 
Rank 4 has 4194304 points
Me:28 MyNeibors: 19 1 
Rank 28 has 4194304 points
Avg time spent in Collision:  23.576160
Avg time spent in Exchange:  1.484527
Avg time spent in Stream:  44.764294
Avg time spent in Update:  45.653023
Avg. Total Solver Time:  115.478236
Avg. Time per time-step:  2.309565
Me:6 MyNeibors: 25 11 
Rank 6 has 4194304 points
Me:25 MyNeibors: 20 6 
Rank 25 has 4194304 points
Me:2 MyNeibors: 29 15 
Rank 2 has 4194304 points
Me:11 MyNeibors: 6 20 
Rank 11 has 4194304 points
Me:26 MyNeibors: 21 7 
Rank 26 has 4194304 points
Me:30 MyNeibors: 17 3 
Rank 30 has 4194304 points
Me:5 MyNeibors: 24 10 
Rank 5 has 4194304 points
Me:29 MyNeibors: 16 2 
Rank 29 has 4194304 points
Me:16 MyNeibors: 15 29 
Rank 16 has 4194304 points
Me:1 MyNeibors: 28 14 
Rank 1 has 4194304 points
Me:20 MyNeibors: 11 25 
Rank 20 has 4194304 points
Me:19 MyNeibors: 14 28 
Rank 19 has 4194304 points
Me:8 MyNeibors: 7 21 
Rank 8 has 4194304 points
Me:23 MyNeibors: 10 24 
Rank 23 has 4194304 points
Me:12 MyNeibors: 3 17 
Rank 12 has 4194304 points
Me:15 MyNeibors: 2 16 
Rank 15 has 4194304 points
Me:18 MyNeibors: 13 31 
Rank 18 has 4194304 points
Me:21 MyNeibors: 8 26 
Rank 21 has 4194304 points
Me:22 MyNeibors: 9 27 
Rank 22 has 4194304 points
Me:17 MyNeibors: 12 30 
Rank 17 has 4194304 points
Me:14 MyNeibors: 1 19 
Rank 14 has 4194304 points
Me:10 MyNeibors: 5 23 
Rank 10 has 4194304 points
Me:9 MyNeibors: 4 22 
Rank 9 has 4194304 points
Me:13 MyNeibors: 0 18 
Rank 13 has 4194304 points
